<?xml version='1.0' encoding='utf-8'?>
<testsuite name="module2-ai-output" tests="15" failures="4" errors="0" skipped="0"><testcase classname="TestSceneDependency" name="test_m2_ai_010_default_threshold_metrics_available"><failure message="AssertionError: Lists differ: ['pointmap_vs_depth', 'pointmap_vs_camera', 'photometric'] != []" type="failure" /></testcase><testcase classname="TestSceneDependency" name="test_m2_ai_012_square_padding_does_not_improve"><failure message="AssertionError: 0.4646688864224935 not less than 0.2 : 补白成正方形后 G1 相对误差未显著改善（改善幅度应小于 20%，即裁切不是退化主因）：原竖构图 0.02973 -&gt; 补白后 0.01592（改善 46.5%）" type="failure" /></testcase><testcase classname="_SubTest" name="runTest"><failure message="AssertionError: Lists differ: ['images', 'images/broken.jpg'] != []" type="failure" /></testcase></testsuite>